Operating system: Microsoft Windows NT 6.2.9200.0
Opening INI file "E:\Nyper Folder\Github\Sonic-CD-Megadrive\SonPLN.ini"...
Game type is SCD.
Loading Title Screen...
Loading plane mappings from file "mapeni/titlescr.bin", using compression Enigma...
Loading palette file "pallet/title.bin"...
Source: 0 Destination: 0 Length: 16
Loading dummy tile data.
Loading 8x8 tiles from file "artnem/titlefor.bin", using compression Nemesis...
Load completed.
Opening INI file "E:\Nyper Folder\Github\Sonic-CD-Megadrive\SonPLN.ini"...
Game type is SCD.
Loading Title Screen...
Loading 8x8 tiles from file "artnem/titlefor.bin", using compression Nemesis...
Loading plane mappings from file "mapeni/titlescr.bin", using compression Enigma...
Loading palette file "pallet/title.bin"...
Source: 0 Destination: 0 Length: 16
Mappings data size does not match given width/height. Expected: 1040 (26x20*2) Actual: 1496.
Load completed.
System.NullReferenceException: Referencia a objeto no establecida como instancia de un objeto.
   en SonicRetro.SonLVL.API.BitmapBits.FromTile(Byte[] art, Int32 index) en D:\Programs\SonLVL\SonLVLAPI\BitmapBits.cs:línea 536
   en SonicRetro.SonLVL.SonPLN.MainForm.TileSelector_SelectedIndexChanged(Object sender, EventArgs e) en D:\Programs\SonLVL\SonPLN\MainForm.cs:línea 1563
   en System.EventHandler.Invoke(Object sender, EventArgs e)
   en SonicRetro.SonLVL.API.TileList.set_SelectedIndex(Int32 value) en D:\Programs\SonLVL\SonLVLAPI\TileList.cs:línea 24
   en SonicRetro.SonLVL.SonPLN.MainForm.backgroundLevelLoader_RunWorkerCompleted(Object sender, RunWorkerCompletedEventArgs e) en D:\Programs\SonLVL\SonPLN\MainForm.cs:línea 506
   en System.ComponentModel.BackgroundWorker.OnRunWorkerCompleted(RunWorkerCompletedEventArgs e)
   en System.ComponentModel.BackgroundWorker.AsyncOperationCompleted(Object arg)
